d:\workspaces\vs2013\cvwork\cvwork\debug\vc120.pdb
d:\workspaces\vs2013\cvwork\cvwork\debug\predictutil.obj
d:\workspaces\vs2013\cvwork\cvwork\debug\svmtrain.obj
d:\workspaces\vs2013\cvwork\cvwork\debug\main.obj
d:\workspaces\vs2013\cvwork\cvwork\debug\moc_cvwork.obj
d:\workspaces\vs2013\cvwork\cvwork\debug\cvwork.obj
d:\workspaces\vs2013\cvwork\cvwork\debug\buildvocabolary.obj
d:\workspaces\vs2013\cvwork\cvwork\debug\qrc_cvwork.obj
d:\workspaces\vs2013\cvwork\cvwork\generatedfiles\debug\moc_cvwork.cpp
d:\workspaces\vs2013\cvwork\cvwork\generatedfiles\ui_cvwork.h
d:\workspaces\vs2013\cvwork\cvwork\generatedfiles\qrc_cvwork.cpp
d:\workspaces\vs2013\cvwork\win32\debug\cvwork.exe
d:\workspaces\vs2013\cvwork\cvwork\debug\cvwork.tlog\cl.command.1.tlog
d:\workspaces\vs2013\cvwork\cvwork\debug\cvwork.tlog\cl.read.1.tlog
d:\workspaces\vs2013\cvwork\cvwork\debug\cvwork.tlog\cl.write.1.tlog
d:\workspaces\vs2013\cvwork\cvwork\debug\cvwork.tlog\custombuild.command.1.tlog
d:\workspaces\vs2013\cvwork\cvwork\debug\cvwork.tlog\custombuild.read.1.tlog
d:\workspaces\vs2013\cvwork\cvwork\debug\cvwork.tlog\custombuild.write.1.tlog
d:\workspaces\vs2013\cvwork\cvwork\debug\cvwork.tlog\link.command.1.tlog
d:\workspaces\vs2013\cvwork\cvwork\debug\cvwork.tlog\link.read.1.tlog
d:\workspaces\vs2013\cvwork\cvwork\debug\cvwork.tlog\link.write.1.tlog
