生成启动时间为 2015/2/5 19:36:46。
     1>项目“D:\workspaces\vs2013\cvWork\cvWork\cvWork.vcxproj”在节点 2 上(Rebuild 个目标)。
     1>CustomBuild:
         Moc'ing cvwork.h...
         Uic'ing cvwork.ui...
         Rcc'ing cvwork.qrc...
     1>RCC : warning : No resources in 'D:\workspaces\vs2013\cvWork\cvWork\cvwork.qrc'.
         
     1>C:\Program Files (x86)\MSBuild\Microsoft.Cpp\v4.0\V120\Microsoft.CppBuild.targets(935,5): warning MSB8027: Two or more files with the name of moc_cvwork.cpp will produce outputs to the same location. This can lead to an incorrect build result.  The files involved are GeneratedFiles\Debug\moc_cvwork.cpp, GeneratedFiles\Release\moc_cvwork.cpp.
       ClCompile:
         C:\Program Files (x86)\Microsoft Visual Studio 12.0\VC\bin\CL.exe /c /I.\GeneratedFiles /I. /IC:\Qt\Qt5.3.0\5.3\msvc2013_opengl\include /I.\GeneratedFiles\Release /IC:\Qt\Qt5.3.0\5.3\msvc2013_opengl\include\QtCore /IC:\Qt\Qt5.3.0\5.3\msvc2013_opengl\include\QtGui /IC:\Qt\Qt5.3.0\5.3\msvc2013_opengl\include\QtWidgets /nologo /W1 /WX- /O2 /Oy- /D UNICODE /D WIN32 /D WIN64 /D QT_DLL /D QT_NO_DEBUG /D NDEBUG /D QT_CORE_LIB /D QT_GUI_LIB /D QT_WIDGETS_LIB /Gm- /EHsc /MT /GS /fp:precise /Zc:wchar_t /Zc:forScope /Fo"Release\\" /Fd"Release\vc120.pdb" /Gd /TP /analyze- /errorReport:prompt buildVocabolary.cpp cvwork.cpp GeneratedFiles\Release\moc_cvwork.cpp main.cpp svmTrain.cpp predictUtil.cpp
         buildVocabolary.cpp
         cvwork.cpp
         moc_cvwork.cpp
         main.cpp
         svmTrain.cpp
         predictUtil.cpp
         正在生成代码...
     1>d:\workspaces\vs2013\cvwork\cvwork\predictutil.cpp(145): warning C4715: “MyObjectPredictor::getObjectType”: 不是所有的控件路径都返回值
         C:\Program Files (x86)\Microsoft Visual Studio 12.0\VC\bin\CL.exe /c /I.\GeneratedFiles /I. /IC:\Qt\Qt5.3.0\5.3\msvc2013_opengl\include /I.\GeneratedFiles\Release /IC:\Qt\Qt5.3.0\5.3\msvc2013_opengl\include\QtCore /IC:\Qt\Qt5.3.0\5.3\msvc2013_opengl\include\QtGui /IC:\Qt\Qt5.3.0\5.3\msvc2013_opengl\include\QtWidgets /nologo /W1 /WX- /O2 /Oy- /D UNICODE /D WIN32 /D WIN64 /D QT_DLL /D QT_NO_DEBUG /D NDEBUG /D QT_CORE_LIB /D QT_GUI_LIB /D QT_WIDGETS_LIB /Gm- /EHsc /MT /GS /fp:precise /Zc:wchar_t /Zc:forScope /Fo"Release\\" /Fd"Release\vc120.pdb" /Gd /TP /analyze- /errorReport:prompt GeneratedFiles\qrc_cvwork.cpp
         qrc_cvwork.cpp
       Link:
         C:\Program Files (x86)\Microsoft Visual Studio 12.0\VC\bin\link.exe /ERRORREPORT:PROMPT /OUT:"D:\workspaces\vs2013\cvWork\Win32\Release\\cvWork.exe" /NOLOGO /LIBPATH:C:\Qt\Qt5.3.0\5.3\msvc2013_opengl\lib qtmain.lib Qt5Core.lib Qt5Gui.lib Qt5Widgets.lib opencv_calib3d248.lib opencv_contrib248.lib opencv_core248.lib opencv_features2d248.lib opencv_flann248.lib opencv_gpu248.lib opencv_imgproc248.lib opencv_legacy248.lib opencv_ml248.lib opencv_nonfree248.lib opencv_objdetect248.lib opencv_ocl248.lib opencv_photo248.lib opencv_stitching248.lib opencv_superres248.lib opencv_ts248.lib opencv_video248.lib opencv_videostab248.lib vfw32.lib libpng.lib libtiff.lib zlib.lib IlmImf.lib libjasper.lib libjpeg.lib opencv_highgui248.lib Comctl32.lib Qt5PlatformSupport.lib rpcrt4.lib kernel32.lib user32.lib gdi32.lib winspool.lib comdlg32.lib advapi32.lib shell32.lib ole32.lib oleaut32.lib uuid.lib odbc32.lib odbccp32.lib /MANIFEST /MANIFESTUAC:"level='asInvoker' uiAccess='false'" /manifest:embed /PDB:"D:\workspaces\vs2013\cvWork\Win32\Release\cvWork.pdb" /SUBSYSTEM:CONSOLE /TLBID:1 /DYNAMICBASE /NXCOMPAT /IMPLIB:"D:\workspaces\vs2013\cvWork\Win32\Release\cvWork.lib" /MACHINE:X86 /SAFESEH Release\buildVocabolary.obj
         Release\cvwork.obj
         Release\qrc_cvwork.obj
         Release\moc_cvwork.obj
         Release\main.obj
         Release\svmTrain.obj
         Release\predictUtil.obj
         cvWork.vcxproj -> D:\workspaces\vs2013\cvWork\Win32\Release\cvWork.exe
     1>已完成生成项目“D:\workspaces\vs2013\cvWork\cvWork\cvWork.vcxproj”(Rebuild 个目标)的操作。

生成成功。

已用时间 00:00:08.92
