d:\workspaces\vs2013\cvwork\cvwork\release\predictutil.obj
d:\workspaces\vs2013\cvwork\cvwork\release\svmtrain.obj
d:\workspaces\vs2013\cvwork\cvwork\release\main.obj
d:\workspaces\vs2013\cvwork\cvwork\release\moc_cvwork.obj
d:\workspaces\vs2013\cvwork\cvwork\release\cvwork.obj
d:\workspaces\vs2013\cvwork\cvwork\release\buildvocabolary.obj
d:\workspaces\vs2013\cvwork\cvwork\release\qrc_cvwork.obj
d:\workspaces\vs2013\cvwork\cvwork\generatedfiles\release\moc_cvwork.cpp
d:\workspaces\vs2013\cvwork\cvwork\generatedfiles\ui_cvwork.h
d:\workspaces\vs2013\cvwork\cvwork\generatedfiles\qrc_cvwork.cpp
d:\workspaces\vs2013\cvwork\cvwork\release\cvwork.tlog\cl.command.1.tlog
d:\workspaces\vs2013\cvwork\cvwork\release\cvwork.tlog\cl.read.1.tlog
d:\workspaces\vs2013\cvwork\cvwork\release\cvwork.tlog\cl.write.1.tlog
d:\workspaces\vs2013\cvwork\cvwork\release\cvwork.tlog\custombuild.command.1.tlog
d:\workspaces\vs2013\cvwork\cvwork\release\cvwork.tlog\custombuild.read.1.tlog
d:\workspaces\vs2013\cvwork\cvwork\release\cvwork.tlog\custombuild.write.1.tlog
d:\workspaces\vs2013\cvwork\cvwork\release\cvwork.tlog\link-cvtres.read.1.tlog
d:\workspaces\vs2013\cvwork\cvwork\release\cvwork.tlog\link-cvtres.write.1.tlog
d:\workspaces\vs2013\cvwork\cvwork\release\cvwork.tlog\link-rc.read.1.tlog
d:\workspaces\vs2013\cvwork\cvwork\release\cvwork.tlog\link-rc.write.1.tlog
d:\workspaces\vs2013\cvwork\cvwork\release\cvwork.tlog\link.command.1.tlog
d:\workspaces\vs2013\cvwork\cvwork\release\cvwork.tlog\link.read.1.tlog
d:\workspaces\vs2013\cvwork\cvwork\release\cvwork.tlog\link.write.1.tlog
